{"uuid":"2dd6921f-7638-4f43-8b3b-d8fd8f9d920e","name":"com.intpfy.test.BaseWebTest.beforeMethod","children":["1482c795-94a4-435e-9c62-d0cc78057391"],"description":"","befores":[{"name":"beforeMethod","status":"broken","statusDetails":{"known":false,"muted":false,"flaky":false,"message":"Error working with item Tallinn option Element (Page General info page (Browser window MAIN_WINDOW_HANDLE)->[By.id: tab1]->[By.xpath: .//label[text() = 'Location (nearest server is used)']/parent::div]->[By.xpath: .//div[contains(@class, 'select-choices-row') and .//span[contains(translate(.,'ABCDEFGHIJKLMNOPQRSTUVWXYZ','abcdefghijklmnopqrstuvwxyz'), 'tallinn')]]])\nError while executing action Click with parameters ()\n\tCalled: Element is not found on the page","trace":"com.intpfyqa.gui.web.selenium.exceptions.ElementException: Error working with item Tallinn option Element (Page General info page (Browser window MAIN_WINDOW_HANDLE)->[By.id: tab1]->[By.xpath: .//label[text() = 'Location (nearest server is used)']/parent::div]->[By.xpath: .//div[contains(@class, 'select-choices-row') and .//span[contains(translate(.,'ABCDEFGHIJKLMNOPQRSTUVWXYZ','abcdefghijklmnopqrstuvwxyz'), 'tallinn')]]])\nError while executing action Click with parameters ()\n\tCalled: Element is not found on the page\r\n\tat com.intpfyqa.gui.web.selenium.elements.Element.click(Element.java:509)\r\n\tat com.intpfy.gui.complex_elements.Dropdown.clickOptionElement(Dropdown.java:117)\r\n\tat com.intpfy.gui.complex_elements.Dropdown.selectOptionContainsText(Dropdown.java:85)\r\n\tat com.intpfy.gui.complex_elements.SearchDropdown.selectContainsTextWithAssertion(SearchDropdown.java:34)\r\n\tat com.intpfy.gui.components.emi.event_creation.LocationComponent.select(LocationComponent.java:19)\r\n\tat com.intpfy.gui.components.emi.event_creation.GeneralInfoComponent.selectLocation(GeneralInfoComponent.java:101)\r\n\tat com.intpfy.gui.pages.emi.event_creation.GeneralInfoPage.selectLocation(GeneralInfoPage.java:102)\r\n\tat com.intpfy.config.web.event.EventConfigurator.createGeneralPart(EventConfigurator.java:101)\r\n\tat com.intpfy.config.web.event.EventConfigurator.create(EventConfigurator.java:41)\r\n\tat com.intpfy.test.BaseWebTest.eventTestCustomBeforeMethod(BaseWebTest.java:193)\r\n\tat com.intpfy.test.BaseWebTest.customBeforeMethod(BaseWebTest.java:104)\r\n\tat com.intpfy.test.BaseWebTest.beforeMethod(BaseWebTest.java:46)\r\n\tat java.base/jdk.internal.reflect.NativeMethodAccessorImpl.invoke0(Native Method)\r\n\tat java.base/jdk.internal.reflect.NativeMethodAccessorImpl.invoke(NativeMethodAccessorImpl.java:62)\r\n\tat java.base/jdk.internal.reflect.DelegatingMethodAccessorImpl.invoke(DelegatingMethodAccessorImpl.java:43)\r\n\tat java.base/java.lang.reflect.Method.invoke(Method.java:566)\r\n\tat org.testng.internal.MethodInvocationHelper.invokeMethod(MethodInvocationHelper.java:124)\r\n\tat org.testng.internal.MethodInvocationHelper.invokeMethodConsideringTimeout(MethodInvocationHelper.java:59)\r\n\tat org.testng.internal.Invoker.invokeConfigurationMethod(Invoker.java:458)\r\n\tat org.testng.internal.Invoker.invokeConfigurations(Invoker.java:222)\r\n\tat org.testng.internal.Invoker.invokeMethod(Invoker.java:523)\r\n\tat org.testng.internal.Invoker.invokeTestMethod(Invoker.java:719)\r\n\tat org.testng.internal.Invoker.invokeTestMethods(Invoker.java:989)\r\n\tat org.testng.internal.TestMethodWorker.invokeTestMethods(TestMethodWorker.java:125)\r\n\tat org.testng.internal.TestMethodWorker.run(TestMethodWorker.java:109)\r\n\tat org.testng.TestRunner.privateRun(TestRunner.java:648)\r\n\tat org.testng.TestRunner.run(TestRunner.java:505)\r\n\tat org.testng.SuiteRunner.runTest(SuiteRunner.java:455)\r\n\tat org.testng.SuiteRunner.runSequentially(SuiteRunner.java:450)\r\n\tat org.testng.SuiteRunner.privateRun(SuiteRunner.java:415)\r\n\tat org.testng.SuiteRunner.run(SuiteRunner.java:364)\r\n\tat org.testng.SuiteRunnerWorker.runSuite(SuiteRunnerWorker.java:52)\r\n\tat org.testng.SuiteRunnerWorker.run(SuiteRunnerWorker.java:84)\r\n\tat org.testng.TestNG.runSuitesSequentially(TestNG.java:1208)\r\n\tat org.testng.TestNG.runSuitesLocally(TestNG.java:1137)\r\n\tat org.testng.TestNG.runSuites(TestNG.java:1049)\r\n\tat org.testng.TestNG.run(TestNG.java:1017)\r\n\tat com.intellij.rt.testng.IDEARemoteTestNG.run(IDEARemoteTestNG.java:66)\r\n\tat com.intellij.rt.testng.RemoteTestNGStarter.main(RemoteTestNGStarter.java:109)\r\nCaused by: org.openqa.selenium.TimeoutException: Expected condition failed: waiting for presence of element located by: By.xpath: .//div[contains(@class, 'select-choices-row') and .//span[contains(translate(.,'ABCDEFGHIJKLMNOPQRSTUVWXYZ','abcdefghijklmnopqrstuvwxyz'), 'tallinn')]] (tried for 5 second(s) with 500 milliseconds interval)\r\n\tat org.openqa.selenium.support.ui.FluentWait.timeoutException(FluentWait.java:304)\r\n\tat org.openqa.selenium.support.ui.FluentWait.until(FluentWait.java:272)\r\n\tat com.intpfyqa.gui.web.selenium.elements.Element.getNativeElement(Element.java:112)\r\n\tat com.intpfyqa.gui.web.selenium.elements.Element.getNativeElement(Element.java:95)\r\n\tat com.intpfyqa.gui.web.selenium.elements.Element.click(Element.java:506)\r\n\t... 38 more\r\nCaused by: org.openqa.selenium.NoSuchElementException: no such element: Unable to locate element: {\"method\":\"xpath\",\"selector\":\".//div[contains(@class, 'select-choices-row') and .//span[contains(translate(.,'ABCDEFGHIJKLMNOPQRSTUVWXYZ','abcdefghijklmnopqrstuvwxyz'), 'tallinn')]]\"}\n  (Session info: chrome=97.0.4692.71)\nFor documentation on this error, please visit: https://www.seleniumhq.org/exceptions/no_such_element.html\nBuild info: version: '3.141.59', revision: 'e82be7d358', time: '2018-11-14T08:17:03'\nSystem info: host: 'WORKER1', ip: '192.168.0.26', os.name: 'Windows 10', os.arch: 'amd64', os.version: '10.0', java.version: '11.0.11'\nDriver info: org.openqa.selenium.chrome.ChromeDriver\nCapabilities {acceptInsecureCerts: false, browserName: chrome, browserVersion: 97.0.4692.71, chrome: {chromedriverVersion: 97.0.4692.36 (747e0a0f19c13..., userDataDir: C:\\Users\\Dejan\\AppData\\Loca...}, goog:chromeOptions: {debuggerAddress: localhost:58967}, javascriptEnabled: true, networkConnectionEnabled: false, pageLoadStrategy: normal, platform: WINDOWS, platformName: WINDOWS, proxy: Proxy(), setWindowRect: true, strictFileInteractability: false, timeouts: {implicit: 0, pageLoad: 300000, script: 30000}, unhandledPromptBehavior: ignore, webauthn:extension:credBlob: true, webauthn:extension:largeBlob: true, webauthn:virtualAuthenticators: true}\nSession ID: f61693ef70a8ca22bd4014197f545734\n*** Element info: {Using=xpath, value=.//div[contains(@class, 'select-choices-row') and .//span[contains(translate(.,'ABCDEFGHIJKLMNOPQRSTUVWXYZ','abcdefghijklmnopqrstuvwxyz'), 'tallinn')]]}\r\n\tat jdk.internal.reflect.GeneratedConstructorAccessor17.newInstance(Unknown Source)\r\n\tat java.base/jdk.internal.reflect.DelegatingConstructorAccessorImpl.newInstance(DelegatingConstructorAccessorImpl.java:45)\r\n\tat java.base/java.lang.reflect.Constructor.newInstance(Constructor.java:490)\r\n\tat org.openqa.selenium.remote.http.W3CHttpResponseCodec.createException(W3CHttpResponseCodec.java:187)\r\n\tat org.openqa.selenium.remote.http.W3CHttpResponseCodec.decode(W3CHttpResponseCodec.java:122)\r\n\tat org.openqa.selenium.remote.http.W3CHttpResponseCodec.decode(W3CHttpResponseCodec.java:49)\r\n\tat org.openqa.selenium.remote.HttpCommandExecutor.execute(HttpCommandExecutor.java:158)\r\n\tat org.openqa.selenium.remote.service.DriverCommandExecutor.execute(DriverCommandExecutor.java:83)\r\n\tat org.openqa.selenium.remote.RemoteWebDriver.execute(RemoteWebDriver.java:552)\r\n\tat org.openqa.selenium.remote.RemoteWebElement.execute(RemoteWebElement.java:285)\r\n\tat org.openqa.selenium.remote.RemoteWebElement.findElement(RemoteWebElement.java:185)\r\n\tat org.openqa.selenium.remote.RemoteWebElement.findElementByXPath(RemoteWebElement.java:261)\r\n\tat org.openqa.selenium.By$ByXPath.findElement(By.java:353)\r\n\tat org.openqa.selenium.remote.RemoteWebElement.findElement(RemoteWebElement.java:181)\r\n\tat com.intpfyqa.gui.web.selenium.elements.wait.ExpectedElementConditions.findElement(ExpectedElementConditions.java:229)\r\n\tat com.intpfyqa.gui.web.selenium.elements.wait.ExpectedElementConditions$1.apply(ExpectedElementConditions.java:36)\r\n\tat com.intpfyqa.gui.web.selenium.elements.wait.ExpectedElementConditions$1.apply(ExpectedElementConditions.java:34)\r\n\tat org.openqa.selenium.support.ui.FluentWait.until(FluentWait.java:249)\r\n\t... 41 more\r\n"},"stage":"finished","description":"","steps":[{"name":"Assertion: Page Login page opened","status":"passed","stage":"finished","steps":[],"attachments":[{"name":"screenshot","source":"7fe53640-9d4f-4266-b669-bdaf3968c7ee-attachment.png","type":"image/png"}],"parameters":[],"start":1642161928833,"stop":1642161928990},{"name":"Assertion: Page Login page opened","status":"passed","stage":"finished","steps":[],"attachments":[{"name":"screenshot","source":"41e42d86-9ec1-4fb1-b025-b51090542b53-attachment.png","type":"image/png"}],"parameters":[],"start":1642161929256,"stop":1642161929390},{"name":"Login page: Log in to EMI with user: 'ifqa@helmes.com'","status":"passed","stage":"finished","steps":[],"attachments":[],"parameters":[],"start":1642161929390,"stop":1642161929390},{"name":"Assertion: Page Dashboard page opened","status":"passed","stage":"finished","steps":[],"attachments":[{"name":"screenshot","source":"27f637a0-5fc5-48f1-96da-6f6719390145-attachment.png","type":"image/png"}],"parameters":[],"start":1642161931756,"stop":1642161931935},{"name":"Assertion: Page Dashboard page opened","status":"passed","stage":"finished","steps":[],"attachments":[{"name":"screenshot","source":"6f4b0330-646f-446f-9ca3-25729dbc1be1-attachment.png","type":"image/png"}],"parameters":[],"start":1642161932254,"stop":1642161932433},{"name":"Dashboard page: Go to 'General info' page.","status":"passed","stage":"finished","steps":[],"attachments":[],"parameters":[],"start":1642161932433,"stop":1642161932433},{"name":"Assertion: Page General info page opened","status":"passed","stage":"finished","steps":[],"attachments":[{"name":"screenshot","source":"c024dcfb-d719-4c50-9fff-ba2b7b951a99-attachment.png","type":"image/png"}],"parameters":[],"start":1642161935228,"stop":1642161935417},{"name":"General info page: Select Event type: 'Classroom'.","status":"passed","stage":"finished","steps":[],"attachments":[],"parameters":[],"start":1642161935418,"stop":1642161935418},{"name":"General info page: Set Host password 'dapkvt'.","status":"passed","stage":"finished","steps":[],"attachments":[],"parameters":[],"start":1642161936332,"stop":1642161936332},{"name":"Assertion: Host password equals 'dapkvt'.","status":"passed","stage":"finished","steps":[],"attachments":[{"name":"screenshot","source":"f0d10eca-3c7e-43b6-8f28-15290436c4cd-attachment.png","type":"image/png"}],"parameters":[],"start":1642161936924,"stop":1642161937066},{"name":"General info page: Set Event name: 'Classroom8816137308'.","status":"passed","stage":"finished","steps":[],"attachments":[],"parameters":[],"start":1642161937066,"stop":1642161937066},{"name":"General info page: Select Date: '2022-01-15'.","status":"passed","stage":"finished","steps":[],"attachments":[],"parameters":[],"start":1642161937258,"stop":1642161937258},{"name":"General info page: Select Location: 'Tallinn'.","status":"passed","stage":"finished","steps":[],"attachments":[],"parameters":[],"start":1642161939767,"stop":1642161939767}],"attachments":[],"parameters":[],"start":1642161921992,"stop":1642161955432}],"afters":[],"links":[],"start":1642161921991,"stop":1642161955432}