{"name":"Lobby feature is available for Moderator.","status":"broken","statusDetails":{"known":false,"muted":false,"flaky":false,"message":"Error working with item Lobby tab Element (Page Advanced Moderator page (Browser window MAIN_WINDOW_HANDLE)->[By.cssSelector: div.user-list]->[By.cssSelector: div.user-list__header]->[By.cssSelector: div.lobby-tab])\nError while executing action Click with parameters ()\n\tCalled: Parent element (or page) not found","trace":"com.intpfyqa.gui.web.selenium.exceptions.ElementException: Error working with item Lobby tab Element (Page Advanced Moderator page (Browser window MAIN_WINDOW_HANDLE)->[By.cssSelector: div.user-list]->[By.cssSelector: div.user-list__header]->[By.cssSelector: div.lobby-tab])\nError while executing action Click with parameters ()\n\tCalled: Parent element (or page) not found\r\n\tat com.intpfyqa.gui.web.selenium.elements.Element.click(Element.java:509)\r\n\tat com.intpfyqa.gui.web.selenium.elements.Element.clickAndMoveMouseOut(Element.java:514)\r\n\tat com.intpfyqa.gui.web.selenium.BaseComponent.clickAndMoveMouseOut(BaseComponent.java:121)\r\n\tat com.intpfy.gui.components.speaker.speakers.SpeakersHeaderComponent.switchToLobby(SpeakersHeaderComponent.java:31)\r\n\tat com.intpfy.gui.components.speaker.speakers.SpeakersComponent.switchToLobby(SpeakersComponent.java:72)\r\n\tat com.intpfy.gui.pages.event.ModeratorPage.switchSpeakersToLobby(ModeratorPage.java:297)\r\n\tat com.intpfy.test.core_regression.web_panel.speaker.speaker_webmeet_classroom_with_chairperson.LobbyFeatureIsAvailableOnModeratorPanelTest.test(LobbyFeatureIsAvailableOnModeratorPanelTest.java:78)\r\n\tat java.base/jdk.internal.reflect.NativeMethodAccessorImpl.invoke0(Native Method)\r\n\tat java.base/jdk.internal.reflect.NativeMethodAccessorImpl.invoke(NativeMethodAccessorImpl.java:62)\r\n\tat java.base/jdk.internal.reflect.DelegatingMethodAccessorImpl.invoke(DelegatingMethodAccessorImpl.java:43)\r\n\tat java.base/java.lang.reflect.Method.invoke(Method.java:566)\r\n\tat org.testng.internal.MethodInvocationHelper.invokeMethod(MethodInvocationHelper.java:124)\r\n\tat org.testng.internal.Invoker.invokeMethod(Invoker.java:583)\r\n\tat org.testng.internal.Invoker.invokeTestMethod(Invoker.java:719)\r\n\tat org.testng.internal.Invoker.invokeTestMethods(Invoker.java:989)\r\n\tat org.testng.internal.TestMethodWorker.invokeTestMethods(TestMethodWorker.java:125)\r\n\tat org.testng.internal.TestMethodWorker.run(TestMethodWorker.java:109)\r\n\tat org.testng.TestRunner.privateRun(TestRunner.java:648)\r\n\tat org.testng.TestRunner.run(TestRunner.java:505)\r\n\tat org.testng.SuiteRunner.runTest(SuiteRunner.java:455)\r\n\tat org.testng.SuiteRunner.runSequentially(SuiteRunner.java:450)\r\n\tat org.testng.SuiteRunner.privateRun(SuiteRunner.java:415)\r\n\tat org.testng.SuiteRunner.run(SuiteRunner.java:364)\r\n\tat org.testng.SuiteRunnerWorker.runSuite(SuiteRunnerWorker.java:52)\r\n\tat org.testng.SuiteRunnerWorker.run(SuiteRunnerWorker.java:84)\r\n\tat org.testng.TestNG.runSuitesSequentially(TestNG.java:1208)\r\n\tat org.testng.TestNG.runSuitesLocally(TestNG.java:1137)\r\n\tat org.testng.TestNG.runSuites(TestNG.java:1049)\r\n\tat org.testng.TestNG.run(TestNG.java:1017)\r\n\tat com.intellij.rt.testng.IDEARemoteTestNG.run(IDEARemoteTestNG.java:66)\r\n\tat com.intellij.rt.testng.RemoteTestNGStarter.main(RemoteTestNGStarter.java:109)\r\nCaused by: org.openqa.selenium.TimeoutException: Expected condition failed: waiting for presence of element located by: By.cssSelector: div.lobby-tab (tried for 5 second(s) with 500 milliseconds interval)\r\n\tat org.openqa.selenium.support.ui.FluentWait.timeoutException(FluentWait.java:304)\r\n\tat org.openqa.selenium.support.ui.FluentWait.until(FluentWait.java:272)\r\n\tat com.intpfyqa.gui.web.selenium.elements.Element.getNativeElement(Element.java:112)\r\n\tat com.intpfyqa.gui.web.selenium.elements.Element.getNativeElement(Element.java:95)\r\n\tat com.intpfyqa.gui.web.selenium.elements.Element.click(Element.java:506)\r\n\t... 30 more\r\nCaused by: com.intpfyqa.gui.web.selenium.elements.ParentNotFoundException: Parent elements Speakers header (Page Advanced Moderator page (Browser window MAIN_WINDOW_HANDLE)->[By.cssSelector: div.user-list]->[By.cssSelector: div.user-list__header]) not found\r\n\tat com.intpfyqa.gui.web.selenium.elements.wait.ExpectedElementConditions.findElement(ExpectedElementConditions.java:227)\r\n\tat com.intpfyqa.gui.web.selenium.elements.wait.ExpectedElementConditions$1.apply(ExpectedElementConditions.java:36)\r\n\tat com.intpfyqa.gui.web.selenium.elements.wait.ExpectedElementConditions$1.apply(ExpectedElementConditions.java:34)\r\n\tat org.openqa.selenium.support.ui.FluentWait.until(FluentWait.java:249)\r\n\t... 33 more\r\nCaused by: org.openqa.selenium.TimeoutException: Expected condition failed: waiting for presence of element located by: By.cssSelector: div.user-list__header (tried for 5 second(s) with 500 milliseconds interval)\r\n\tat org.openqa.selenium.support.ui.FluentWait.timeoutException(FluentWait.java:304)\r\n\tat org.openqa.selenium.support.ui.FluentWait.until(FluentWait.java:272)\r\n\tat com.intpfyqa.gui.web.selenium.elements.Element.getNativeElement(Element.java:112)\r\n\tat com.intpfyqa.gui.web.selenium.elements.Element.getNativeElement(Element.java:95)\r\n\tat com.intpfyqa.gui.web.selenium.elements.Element.getSearchContext(Element.java:1311)\r\n\tat com.intpfyqa.gui.web.selenium.BaseComponent.getSearchContext(BaseComponent.java:36)\r\n\tat com.intpfyqa.gui.web.selenium.elements.wait.ExpectedElementConditions.findElement(ExpectedElementConditions.java:225)\r\n\t... 36 more\r\nCaused by: com.intpfyqa.gui.web.selenium.elements.ParentNotFoundException: Parent elements Speakers (Page Advanced Moderator page (Browser window MAIN_WINDOW_HANDLE)->[By.cssSelector: div.user-list]) not found\r\n\tat com.intpfyqa.gui.web.selenium.elements.wait.ExpectedElementConditions.findElement(ExpectedElementConditions.java:227)\r\n\tat com.intpfyqa.gui.web.selenium.elements.wait.ExpectedElementConditions$1.apply(ExpectedElementConditions.java:36)\r\n\tat com.intpfyqa.gui.web.selenium.elements.wait.ExpectedElementConditions$1.apply(ExpectedElementConditions.java:34)\r\n\tat org.openqa.selenium.support.ui.FluentWait.until(FluentWait.java:249)\r\n\t... 41 more\r\nCaused by: org.openqa.selenium.TimeoutException: Expected condition failed: waiting for presence of element located by: By.cssSelector: div.user-list (tried for 5 second(s) with 500 milliseconds interval)\r\n\tat org.openqa.selenium.support.ui.FluentWait.timeoutException(FluentWait.java:304)\r\n\tat org.openqa.selenium.support.ui.FluentWait.until(FluentWait.java:272)\r\n\tat com.intpfyqa.gui.web.selenium.elements.Element.getNativeElement(Element.java:112)\r\n\tat com.intpfyqa.gui.web.selenium.elements.Element.getNativeElement(Element.java:95)\r\n\tat com.intpfyqa.gui.web.selenium.elements.Element.getSearchContext(Element.java:1311)\r\n\tat com.intpfyqa.gui.web.selenium.BaseComponent.getSearchContext(BaseComponent.java:36)\r\n\tat com.intpfyqa.gui.web.selenium.elements.wait.ExpectedElementConditions.findElement(ExpectedElementConditions.java:225)\r\n\t... 44 more\r\nCaused by: org.openqa.selenium.NoSuchElementException: no such element: Unable to locate element: {\"method\":\"css selector\",\"selector\":\"div.user-list\"}\n  (Session info: chrome=97.0.4692.71)\nFor documentation on this error, please visit: https://www.seleniumhq.org/exceptions/no_such_element.html\nBuild info: version: '3.141.59', revision: 'e82be7d358', time: '2018-11-14T08:17:03'\nSystem info: host: 'WORKER1', ip: '192.168.0.26', os.name: 'Windows 10', os.arch: 'amd64', os.version: '10.0', java.version: '11.0.11'\nDriver info: org.openqa.selenium.chrome.ChromeDriver\nCapabilities {acceptInsecureCerts: false, browserName: chrome, browserVersion: 97.0.4692.71, chrome: {chromedriverVersion: 97.0.4692.36 (747e0a0f19c13..., userDataDir: C:\\Users\\Dejan\\AppData\\Loca...}, goog:chromeOptions: {debuggerAddress: localhost:63591}, javascriptEnabled: true, networkConnectionEnabled: false, pageLoadStrategy: normal, platform: WINDOWS, platformName: WINDOWS, proxy: Proxy(), setWindowRect: true, strictFileInteractability: false, timeouts: {implicit: 0, pageLoad: 300000, script: 30000}, unhandledPromptBehavior: ignore, webauthn:extension:credBlob: true, webauthn:extension:largeBlob: true, webauthn:virtualAuthenticators: true}\nSession ID: d55c8e76f838e774d8656813785197b9\n*** Element info: {Using=css selector, value=div.user-list}\r\n\tat jdk.internal.reflect.GeneratedConstructorAccessor20.newInstance(Unknown Source)\r\n\tat java.base/jdk.internal.reflect.DelegatingConstructorAccessorImpl.newInstance(DelegatingConstructorAccessorImpl.java:45)\r\n\tat java.base/java.lang.reflect.Constructor.newInstance(Constructor.java:490)\r\n\tat org.openqa.selenium.remote.http.W3CHttpResponseCodec.createException(W3CHttpResponseCodec.java:187)\r\n\tat org.openqa.selenium.remote.http.W3CHttpResponseCodec.decode(W3CHttpResponseCodec.java:122)\r\n\tat org.openqa.selenium.remote.http.W3CHttpResponseCodec.decode(W3CHttpResponseCodec.java:49)\r\n\tat org.openqa.selenium.remote.HttpCommandExecutor.execute(HttpCommandExecutor.java:158)\r\n\tat org.openqa.selenium.remote.service.DriverCommandExecutor.execute(DriverCommandExecutor.java:83)\r\n\tat org.openqa.selenium.remote.RemoteWebDriver.execute(RemoteWebDriver.java:552)\r\n\tat org.openqa.selenium.remote.RemoteWebDriver.findElement(RemoteWebDriver.java:323)\r\n\tat org.openqa.selenium.remote.RemoteWebDriver.findElementByCssSelector(RemoteWebDriver.java:420)\r\n\tat org.openqa.selenium.By$ByCssSelector.findElement(By.java:431)\r\n\tat org.openqa.selenium.remote.RemoteWebDriver.findElement(RemoteWebDriver.java:315)\r\n\tat com.intpfyqa.gui.web.selenium.elements.wait.ExpectedElementConditions.findElement(ExpectedElementConditions.java:229)\r\n\tat com.intpfyqa.gui.web.selenium.elements.wait.ExpectedElementConditions$1.apply(ExpectedElementConditions.java:36)\r\n\tat com.intpfyqa.gui.web.selenium.elements.wait.ExpectedElementConditions$1.apply(ExpectedElementConditions.java:34)\r\n\tat org.openqa.selenium.support.ui.FluentWait.until(FluentWait.java:249)\r\n\t... 49 more\r\n"},"stage":"finished","steps":[{"name":"Assertion: Page Login page opened","status":"passed","stage":"finished","steps":[],"attachments":[{"name":"screenshot","source":"04c71900-dae6-4e07-8362-4dedc61f80db-attachment.png","type":"image/png"}],"parameters":[],"start":1642076861989,"stop":1642076862108},{"name":"Assertion: Page Login page opened","status":"passed","stage":"finished","steps":[],"attachments":[{"name":"screenshot","source":"9988c553-27cb-4038-ac61-640bc13f4807-attachment.png","type":"image/png"}],"parameters":[],"start":1642076862306,"stop":1642076862423},{"name":"Assertion: Page Login page opened","status":"passed","stage":"finished","steps":[],"attachments":[{"name":"screenshot","source":"df2f56b3-3de3-4420-a933-4daf5842a65e-attachment.png","type":"image/png"}],"parameters":[],"start":1642076862619,"stop":1642076862740},{"name":"Assertion: Page Login page opened","status":"passed","stage":"finished","steps":[],"attachments":[{"name":"screenshot","source":"1b958e64-0bfc-41cb-8904-a055011a7d7c-attachment.png","type":"image/png"}],"parameters":[],"start":1642076862933,"stop":1642076863047},{"name":"Login page: Proceed to 'Username' page with token 'M-PUIEQQto'.","status":"passed","stage":"finished","steps":[],"attachments":[],"parameters":[],"start":1642076863047,"stop":1642076863047},{"name":"Assertion: Page Username page opened","status":"passed","stage":"finished","steps":[],"attachments":[{"name":"screenshot","source":"31a15b9c-7c69-4db0-8784-62aa83b182b9-attachment.png","type":"image/png"}],"parameters":[],"start":1642076863983,"stop":1642076864095},{"name":"Username page: Log in as Moderator with Advanced Monitoring with username 'M-6406889625'.","status":"passed","stage":"finished","steps":[],"attachments":[],"parameters":[],"start":1642076864095,"stop":1642076864095},{"name":"Assertion: Page Advanced Moderator page opened","status":"passed","stage":"finished","steps":[],"attachments":[{"name":"screenshot","source":"47d1a6b3-37f3-4139-bcb6-21c05578139a-attachment.png","type":"image/png"}],"parameters":[],"start":1642076866021,"stop":1642076866149},{"name":"Assertion: Page Login page opened","status":"passed","stage":"finished","steps":[],"attachments":[{"name":"screenshot","source":"b8cc6df3-cf31-4b86-a589-d0bf3741640e-attachment.png","type":"image/png"}],"parameters":[],"start":1642076871912,"stop":1642076872030},{"name":"Assertion: Page Login page opened","status":"passed","stage":"finished","steps":[],"attachments":[{"name":"screenshot","source":"37c0cbda-628c-4a05-8d79-b6833ee9d563-attachment.png","type":"image/png"}],"parameters":[],"start":1642076872247,"stop":1642076872366},{"name":"Login page: Proceed to 'Username' page with token 'S-duiQvysV'.","status":"passed","stage":"finished","steps":[],"attachments":[],"parameters":[],"start":1642076872366,"stop":1642076872366},{"name":"Assertion: Page Username page opened","status":"passed","stage":"finished","steps":[],"attachments":[{"name":"screenshot","source":"5bd42e42-e996-4cf3-8c34-3be389268bb4-attachment.png","type":"image/png"}],"parameters":[],"start":1642076874386,"stop":1642076874508},{"name":"Username page: Log in to Lobby as Speaker with username 'S-7898562993'.","status":"passed","stage":"finished","steps":[],"attachments":[],"parameters":[],"start":1642076874508,"stop":1642076874508},{"name":"Assertion: Page Lobby Room page opened","status":"passed","stage":"finished","steps":[],"attachments":[{"name":"screenshot","source":"ff6229e6-5282-423f-b691-5a6f371943b9-attachment.png","type":"image/png"}],"parameters":[],"start":1642076875413,"stop":1642076875547},{"name":"Advanced Moderator page: Switch Speakers to Lobby.","status":"passed","stage":"finished","steps":[],"attachments":[],"parameters":[],"start":1642076875547,"stop":1642076875547},{"name":"ERROR: There is critical error in test\ncom.intpfyqa.gui.web.selenium.exceptions.ElementException: Error ...","status":"failed","stage":"finished","steps":[],"attachments":[{"name":"screenshot","source":"f06ba051-1977-4d7e-b35c-756a6f3c775f-attachment.png","type":"image/png"}],"parameters":[],"start":1642076881067,"stop":1642076881192}],"attachments":[],"parameters":[],"start":1642076859088,"stop":1642076881302,"uuid":"49da9f78-e398-4c25-8cd4-40cf80125a1d","historyId":"ae365fdb0973c68e534927a520d9eeea","fullName":"com.intpfy.test.core_regression.web_panel.speaker.speaker_webmeet_classroom_with_chairperson.LobbyFeatureIsAvailableOnModeratorPanelTest.test","labels":[{"name":"package","value":"com.intpfy.test.core_regression.web_panel.speaker.speaker_webmeet_classroom_with_chairperson.LobbyFeatureIsAvailableOnModeratorPanelTest"},{"name":"testClass","value":"com.intpfy.test.core_regression.web_panel.speaker.speaker_webmeet_classroom_with_chairperson.LobbyFeatureIsAvailableOnModeratorPanelTest"},{"name":"testMethod","value":"test"},{"name":"parentSuite","value":"Default Suite"},{"name":"suite","value":"interprefy-qa-automation"},{"name":"subSuite","value":"com.intpfy.test.core_regression.web_panel.speaker.speaker_webmeet_classroom_with_chairperson.LobbyFeatureIsAvailableOnModeratorPanelTest"},{"name":"host","value":"worker1"},{"name":"thread","value":"221328@worker1.main(1)"},{"name":"framework","value":"testng"},{"name":"language","value":"java"}],"links":[]}