{"name":"beforeMethod","status":"broken","statusDetails":{"known":false,"muted":false,"flaky":false,"message":"Error working with item Page title Element (Page Add Event (Manager And Moderator) page (Browser window MAIN_WINDOW_HANDLE)->[By.xpath: //span[contains(@class, 'step-title') and text()=' Step 2 of 3']])\nError while executing action Waiting for element to appear on page with parameters ()\n\tCalled: invalid session id\nBuild info: version: '3.141.59', revision: 'e82be7d358', time: '2018-11-14T08:17:03'\nSystem info: host: 'WORKER1', ip: '192.168.44.1', os.name: 'Windows 10', os.arch: 'amd64', os.version: '10.0', java.version: '11.0.11'\nDriver info: org.openqa.selenium.chrome.ChromeDriver\nCapabilities {acceptInsecureCerts: false, browserName: chrome, browserVersion: 96.0.4664.45, chrome: {chromedriverVersion: 95.0.4638.17 (a9d0719444d4b..., userDataDir: C:\\Users\\Dejan\\AppData\\Loca...}, goog:chromeOptions: {debuggerAddress: localhost:62934}, javascriptEnabled: true, networkConnectionEnabled: false, pageLoadStrategy: normal, platform: WINDOWS, platformName: WINDOWS, proxy: Proxy(), setWindowRect: true, strictFileInteractability: false, timeouts: {implicit: 0, pageLoad: 300000, script: 30000}, unhandledPromptBehavior: ignore, webauthn:extension:credBlob: true, webauthn:extension:largeBlob: true, webauthn:virtualAuthenticators: true}\nSession ID: b07700c3343097f8bb68d71f7e9c2720\n*** Element info: {Using=xpath, value=//span[contains(@class, 'step-title') and text()=' Step 2 of 3']}","trace":"com.intpfyqa.gui.web.selenium.exceptions.ElementException: Error working with item Page title Element (Page Add Event (Manager And Moderator) page (Browser window MAIN_WINDOW_HANDLE)->[By.xpath: //span[contains(@class, 'step-title') and text()=' Step 2 of 3']])\nError while executing action Waiting for element to appear on page with parameters ()\n\tCalled: invalid session id\nBuild info: version: '3.141.59', revision: 'e82be7d358', time: '2018-11-14T08:17:03'\nSystem info: host: 'WORKER1', ip: '192.168.44.1', os.name: 'Windows 10', os.arch: 'amd64', os.version: '10.0', java.version: '11.0.11'\nDriver info: org.openqa.selenium.chrome.ChromeDriver\nCapabilities {acceptInsecureCerts: false, browserName: chrome, browserVersion: 96.0.4664.45, chrome: {chromedriverVersion: 95.0.4638.17 (a9d0719444d4b..., userDataDir: C:\\Users\\Dejan\\AppData\\Loca...}, goog:chromeOptions: {debuggerAddress: localhost:62934}, javascriptEnabled: true, networkConnectionEnabled: false, pageLoadStrategy: normal, platform: WINDOWS, platformName: WINDOWS, proxy: Proxy(), setWindowRect: true, strictFileInteractability: false, timeouts: {implicit: 0, pageLoad: 300000, script: 30000}, unhandledPromptBehavior: ignore, webauthn:extension:credBlob: true, webauthn:extension:largeBlob: true, webauthn:virtualAuthenticators: true}\nSession ID: b07700c3343097f8bb68d71f7e9c2720\n*** Element info: {Using=xpath, value=//span[contains(@class, 'step-title') and text()=' Step 2 of 3']}\r\n\tat com.intpfyqa.gui.web.selenium.elements.Element.visible(Element.java:259)\r\n\tat com.intpfy.gui.pages.emi.event_creation.ManagerAndModeratorPage.isOpened(ManagerAndModeratorPage.java:25)\r\n\tat com.intpfyqa.gui.web.selenium.BaseAutomationPage.assertIsOpened(BaseAutomationPage.java:45)\r\n\tat com.intpfyqa.gui.web.selenium.BaseAutomationPage.assertIsOpened(BaseAutomationPage.java:53)\r\n\tat com.intpfy.config.web.event.EventConfigurator.create(EventConfigurator.java:43)\r\n\tat com.intpfy.test.BaseWebTest.lobbyTestCustomBeforeMethod(BaseWebTest.java:251)\r\n\tat com.intpfy.test.BaseWebTest.customBeforeMethod(BaseWebTest.java:106)\r\n\tat com.intpfy.test.BaseWebTest.beforeMethod(BaseWebTest.java:47)\r\n\tat java.base/jdk.internal.reflect.NativeMethodAccessorImpl.invoke0(Native Method)\r\n\tat java.base/jdk.internal.reflect.NativeMethodAccessorImpl.invoke(NativeMethodAccessorImpl.java:62)\r\n\tat java.base/jdk.internal.reflect.DelegatingMethodAccessorImpl.invoke(DelegatingMethodAccessorImpl.java:43)\r\n\tat java.base/java.lang.reflect.Method.invoke(Method.java:566)\r\n\tat org.testng.internal.MethodInvocationHelper.invokeMethod(MethodInvocationHelper.java:124)\r\n\tat org.testng.internal.MethodInvocationHelper.invokeMethodConsideringTimeout(MethodInvocationHelper.java:59)\r\n\tat org.testng.internal.Invoker.invokeConfigurationMethod(Invoker.java:458)\r\n\tat org.testng.internal.Invoker.invokeConfigurations(Invoker.java:222)\r\n\tat org.testng.internal.Invoker.invokeMethod(Invoker.java:523)\r\n\tat org.testng.internal.Invoker.invokeTestMethod(Invoker.java:719)\r\n\tat org.testng.internal.Invoker.invokeTestMethods(Invoker.java:989)\r\n\tat org.testng.internal.TestMethodWorker.invokeTestMethods(TestMethodWorker.java:125)\r\n\tat org.testng.internal.TestMethodWorker.run(TestMethodWorker.java:109)\r\n\tat org.testng.TestRunner.privateRun(TestRunner.java:648)\r\n\tat org.testng.TestRunner.run(TestRunner.java:505)\r\n\tat org.testng.SuiteRunner.runTest(SuiteRunner.java:455)\r\n\tat org.testng.SuiteRunner.runSequentially(SuiteRunner.java:450)\r\n\tat org.testng.SuiteRunner.privateRun(SuiteRunner.java:415)\r\n\tat org.testng.SuiteRunner.run(SuiteRunner.java:364)\r\n\tat org.testng.SuiteRunnerWorker.runSuite(SuiteRunnerWorker.java:52)\r\n\tat org.testng.SuiteRunnerWorker.run(SuiteRunnerWorker.java:84)\r\n\tat org.testng.TestNG.runSuitesSequentially(TestNG.java:1208)\r\n\tat org.testng.TestNG.runSuitesLocally(TestNG.java:1137)\r\n\tat org.testng.TestNG.runSuites(TestNG.java:1049)\r\n\tat org.testng.TestNG.run(TestNG.java:1017)\r\n\tat com.intellij.rt.testng.IDEARemoteTestNG.run(IDEARemoteTestNG.java:66)\r\n\tat com.intellij.rt.testng.RemoteTestNGStarter.main(RemoteTestNGStarter.java:109)\r\nCaused by: org.openqa.selenium.NoSuchSessionException: invalid session id\nBuild info: version: '3.141.59', revision: 'e82be7d358', time: '2018-11-14T08:17:03'\nSystem info: host: 'WORKER1', ip: '192.168.44.1', os.name: 'Windows 10', os.arch: 'amd64', os.version: '10.0', java.version: '11.0.11'\nDriver info: org.openqa.selenium.chrome.ChromeDriver\nCapabilities {acceptInsecureCerts: false, browserName: chrome, browserVersion: 96.0.4664.45, chrome: {chromedriverVersion: 95.0.4638.17 (a9d0719444d4b..., userDataDir: C:\\Users\\Dejan\\AppData\\Loca...}, goog:chromeOptions: {debuggerAddress: localhost:62934}, javascriptEnabled: true, networkConnectionEnabled: false, pageLoadStrategy: normal, platform: WINDOWS, platformName: WINDOWS, proxy: Proxy(), setWindowRect: true, strictFileInteractability: false, timeouts: {implicit: 0, pageLoad: 300000, script: 30000}, unhandledPromptBehavior: ignore, webauthn:extension:credBlob: true, webauthn:extension:largeBlob: true, webauthn:virtualAuthenticators: true}\nSession ID: b07700c3343097f8bb68d71f7e9c2720\n*** Element info: {Using=xpath, value=//span[contains(@class, 'step-title') and text()=' Step 2 of 3']}\r\n\tat java.base/jdk.internal.reflect.NativeConstructorAccessorImpl.newInstance0(Native Method)\r\n\tat java.base/jdk.internal.reflect.NativeConstructorAccessorImpl.newInstance(NativeConstructorAccessorImpl.java:62)\r\n\tat java.base/jdk.internal.reflect.DelegatingConstructorAccessorImpl.newInstance(DelegatingConstructorAccessorImpl.java:45)\r\n\tat java.base/java.lang.reflect.Constructor.newInstance(Constructor.java:490)\r\n\tat org.openqa.selenium.remote.http.W3CHttpResponseCodec.createException(W3CHttpResponseCodec.java:187)\r\n\tat org.openqa.selenium.remote.http.W3CHttpResponseCodec.decode(W3CHttpResponseCodec.java:122)\r\n\tat org.openqa.selenium.remote.http.W3CHttpResponseCodec.decode(W3CHttpResponseCodec.java:49)\r\n\tat org.openqa.selenium.remote.HttpCommandExecutor.execute(HttpCommandExecutor.java:158)\r\n\tat org.openqa.selenium.remote.service.DriverCommandExecutor.execute(DriverCommandExecutor.java:83)\r\n\tat org.openqa.selenium.remote.RemoteWebDriver.execute(RemoteWebDriver.java:552)\r\n\tat org.openqa.selenium.remote.RemoteWebDriver.findElement(RemoteWebDriver.java:323)\r\n\tat org.openqa.selenium.remote.RemoteWebDriver.findElementByXPath(RemoteWebDriver.java:428)\r\n\tat org.openqa.selenium.By$ByXPath.findElement(By.java:353)\r\n\tat org.openqa.selenium.remote.RemoteWebDriver.findElement(RemoteWebDriver.java:315)\r\n\tat com.intpfyqa.gui.web.selenium.elements.wait.ExpectedElementConditions.findElement(ExpectedElementConditions.java:229)\r\n\tat com.intpfyqa.gui.web.selenium.elements.wait.ExpectedElementConditions$2.apply(ExpectedElementConditions.java:61)\r\n\tat com.intpfyqa.gui.web.selenium.elements.wait.ExpectedElementConditions$2.apply(ExpectedElementConditions.java:57)\r\n\tat org.openqa.selenium.support.ui.FluentWait.until(FluentWait.java:249)\r\n\tat com.intpfyqa.gui.web.selenium.elements.Element.visible(Element.java:254)\r\n\t... 34 more\r\n"},"stage":"finished","steps":[],"attachments":[],"parameters":[],"start":1638278081628,"stop":1638278081630,"uuid":"7099607e-50a7-4816-99bb-20f8881d9eda","historyId":"6fec9316312710b71292be60ca39d11f","fullName":"com.intpfy.test.BaseWebTest.beforeMethod","labels":[{"name":"package","value":"com.intpfy.test.core_regression.web_panel.speaker.speaker_webmeet_classroom_with_chairperson.LobbyFeatureIsAvailableOnHostsSideTest"},{"name":"testClass","value":"com.intpfy.test.core_regression.web_panel.speaker.speaker_webmeet_classroom_with_chairperson.LobbyFeatureIsAvailableOnHostsSideTest"},{"name":"testMethod","value":"beforeMethod"},{"name":"parentSuite","value":"Default Suite"},{"name":"suite","value":"interprefy-qa-automation"},{"name":"subSuite","value":"com.intpfy.test.core_regression.web_panel.speaker.speaker_webmeet_classroom_with_chairperson.LobbyFeatureIsAvailableOnHostsSideTest"},{"name":"host","value":"worker1"},{"name":"thread","value":"12740@worker1.main(1)"},{"name":"framework","value":"testng"},{"name":"language","value":"java"}],"links":[]}