{"name":"Lobby feature is available for Moderator.","status":"broken","statusDetails":{"known":false,"muted":false,"flaky":false,"message":"Error working with item Lobby Element (Page Advanced Moderator page (Browser window MAIN_WINDOW_HANDLE)->[By.cssSelector: div.flour-control__users]->[By.xpath: .//div[contains(text(),'Lobby')]])\nError while executing action Click with parameters ()\n\tCalled: Parent element (or page) not found","trace":"com.intpfyqa.gui.web.selenium.exceptions.ElementException: Error working with item Lobby Element (Page Advanced Moderator page (Browser window MAIN_WINDOW_HANDLE)->[By.cssSelector: div.flour-control__users]->[By.xpath: .//div[contains(text(),'Lobby')]])\nError while executing action Click with parameters ()\n\tCalled: Parent element (or page) not found\r\n\tat com.intpfyqa.gui.web.selenium.elements.Element.click(Element.java:509)\r\n\tat com.intpfyqa.gui.web.selenium.elements.Element.clickAndMoveMouseOut(Element.java:514)\r\n\tat com.intpfy.gui.components.moderator.FlourControlUsersComponent.switchToLobby(FlourControlUsersComponent.java:33)\r\n\tat com.intpfy.gui.pages.event.AdvancedModeratorPage.switchFlourUsersToLobby(AdvancedModeratorPage.java:212)\r\n\tat com.intpfy.test.core_regression.web_panel.speaker.speaker_webmeet_classroom_with_chairperson.LobbyFeatureIsAvailableOnModeratorPanelTest.test(LobbyFeatureIsAvailableOnModeratorPanelTest.java:78)\r\n\tat java.base/jdk.internal.reflect.NativeMethodAccessorImpl.invoke0(Native Method)\r\n\tat java.base/jdk.internal.reflect.NativeMethodAccessorImpl.invoke(NativeMethodAccessorImpl.java:62)\r\n\tat java.base/jdk.internal.reflect.DelegatingMethodAccessorImpl.invoke(DelegatingMethodAccessorImpl.java:43)\r\n\tat java.base/java.lang.reflect.Method.invoke(Method.java:566)\r\n\tat org.testng.internal.MethodInvocationHelper.invokeMethod(MethodInvocationHelper.java:124)\r\n\tat org.testng.internal.Invoker.invokeMethod(Invoker.java:583)\r\n\tat org.testng.internal.Invoker.invokeTestMethod(Invoker.java:719)\r\n\tat org.testng.internal.Invoker.invokeTestMethods(Invoker.java:989)\r\n\tat org.testng.internal.TestMethodWorker.invokeTestMethods(TestMethodWorker.java:125)\r\n\tat org.testng.internal.TestMethodWorker.run(TestMethodWorker.java:109)\r\n\tat org.testng.TestRunner.privateRun(TestRunner.java:648)\r\n\tat org.testng.TestRunner.run(TestRunner.java:505)\r\n\tat org.testng.SuiteRunner.runTest(SuiteRunner.java:455)\r\n\tat org.testng.SuiteRunner.runSequentially(SuiteRunner.java:450)\r\n\tat org.testng.SuiteRunner.privateRun(SuiteRunner.java:415)\r\n\tat org.testng.SuiteRunner.run(SuiteRunner.java:364)\r\n\tat org.testng.SuiteRunnerWorker.runSuite(SuiteRunnerWorker.java:52)\r\n\tat org.testng.SuiteRunnerWorker.run(SuiteRunnerWorker.java:84)\r\n\tat org.testng.TestNG.runSuitesSequentially(TestNG.java:1208)\r\n\tat org.testng.TestNG.runSuitesLocally(TestNG.java:1137)\r\n\tat org.testng.TestNG.runSuites(TestNG.java:1049)\r\n\tat org.testng.TestNG.run(TestNG.java:1017)\r\n\tat com.intellij.rt.testng.IDEARemoteTestNG.run(IDEARemoteTestNG.java:66)\r\n\tat com.intellij.rt.testng.RemoteTestNGStarter.main(RemoteTestNGStarter.java:109)\r\nCaused by: org.openqa.selenium.TimeoutException: Expected condition failed: waiting for presence of element located by: By.xpath: .//div[contains(text(),'Lobby')] (tried for 5 second(s) with 500 milliseconds interval)\r\n\tat org.openqa.selenium.support.ui.FluentWait.timeoutException(FluentWait.java:304)\r\n\tat org.openqa.selenium.support.ui.FluentWait.until(FluentWait.java:272)\r\n\tat com.intpfyqa.gui.web.selenium.elements.Element.getNativeElement(Element.java:112)\r\n\tat com.intpfyqa.gui.web.selenium.elements.Element.getNativeElement(Element.java:95)\r\n\tat com.intpfyqa.gui.web.selenium.elements.Element.click(Element.java:506)\r\n\t... 28 more\r\nCaused by: com.intpfyqa.gui.web.selenium.elements.ParentNotFoundException: Parent elements Flour control users (Page Advanced Moderator page (Browser window MAIN_WINDOW_HANDLE)->[By.cssSelector: div.flour-control__users]) not found\r\n\tat com.intpfyqa.gui.web.selenium.elements.wait.ExpectedElementConditions.findElement(ExpectedElementConditions.java:227)\r\n\tat com.intpfyqa.gui.web.selenium.elements.wait.ExpectedElementConditions$1.apply(ExpectedElementConditions.java:36)\r\n\tat com.intpfyqa.gui.web.selenium.elements.wait.ExpectedElementConditions$1.apply(ExpectedElementConditions.java:34)\r\n\tat org.openqa.selenium.support.ui.FluentWait.until(FluentWait.java:249)\r\n\t... 31 more\r\nCaused by: org.openqa.selenium.TimeoutException: Expected condition failed: waiting for presence of element located by: By.cssSelector: div.flour-control__users (tried for 5 second(s) with 500 milliseconds interval)\r\n\tat org.openqa.selenium.support.ui.FluentWait.timeoutException(FluentWait.java:304)\r\n\tat org.openqa.selenium.support.ui.FluentWait.until(FluentWait.java:272)\r\n\tat com.intpfyqa.gui.web.selenium.elements.Element.getNativeElement(Element.java:112)\r\n\tat com.intpfyqa.gui.web.selenium.elements.Element.getNativeElement(Element.java:95)\r\n\tat com.intpfyqa.gui.web.selenium.elements.Element.getSearchContext(Element.java:1311)\r\n\tat com.intpfyqa.gui.web.selenium.BaseComponent.getSearchContext(BaseComponent.java:36)\r\n\tat com.intpfyqa.gui.web.selenium.elements.wait.ExpectedElementConditions.findElement(ExpectedElementConditions.java:225)\r\n\t... 34 more\r\nCaused by: org.openqa.selenium.NoSuchElementException: no such element: Unable to locate element: {\"method\":\"css selector\",\"selector\":\"div.flour-control__users\"}\n  (Session info: chrome=97.0.4692.71)\nFor documentation on this error, please visit: https://www.seleniumhq.org/exceptions/no_such_element.html\nBuild info: version: '3.141.59', revision: 'e82be7d358', time: '2018-11-14T08:17:03'\nSystem info: host: 'WORKER1', ip: '192.168.0.26', os.name: 'Windows 10', os.arch: 'amd64', os.version: '10.0', java.version: '11.0.11'\nDriver info: org.openqa.selenium.chrome.ChromeDriver\nCapabilities {acceptInsecureCerts: false, browserName: chrome, browserVersion: 97.0.4692.71, chrome: {chromedriverVersion: 97.0.4692.36 (747e0a0f19c13..., userDataDir: C:\\Users\\Dejan\\AppData\\Loca...}, goog:chromeOptions: {debuggerAddress: localhost:57410}, javascriptEnabled: true, networkConnectionEnabled: false, pageLoadStrategy: normal, platform: WINDOWS, platformName: WINDOWS, proxy: Proxy(), setWindowRect: true, strictFileInteractability: false, timeouts: {implicit: 0, pageLoad: 300000, script: 30000}, unhandledPromptBehavior: ignore, webauthn:extension:credBlob: true, webauthn:extension:largeBlob: true, webauthn:virtualAuthenticators: true}\nSession ID: a1d886bf164fc7b14285190788e3c795\n*** Element info: {Using=css selector, value=div.flour-control__users}\r\n\tat jdk.internal.reflect.GeneratedConstructorAccessor20.newInstance(Unknown Source)\r\n\tat java.base/jdk.internal.reflect.DelegatingConstructorAccessorImpl.newInstance(DelegatingConstructorAccessorImpl.java:45)\r\n\tat java.base/java.lang.reflect.Constructor.newInstance(Constructor.java:490)\r\n\tat org.openqa.selenium.remote.http.W3CHttpResponseCodec.createException(W3CHttpResponseCodec.java:187)\r\n\tat org.openqa.selenium.remote.http.W3CHttpResponseCodec.decode(W3CHttpResponseCodec.java:122)\r\n\tat org.openqa.selenium.remote.http.W3CHttpResponseCodec.decode(W3CHttpResponseCodec.java:49)\r\n\tat org.openqa.selenium.remote.HttpCommandExecutor.execute(HttpCommandExecutor.java:158)\r\n\tat org.openqa.selenium.remote.service.DriverCommandExecutor.execute(DriverCommandExecutor.java:83)\r\n\tat org.openqa.selenium.remote.RemoteWebDriver.execute(RemoteWebDriver.java:552)\r\n\tat org.openqa.selenium.remote.RemoteWebDriver.findElement(RemoteWebDriver.java:323)\r\n\tat org.openqa.selenium.remote.RemoteWebDriver.findElementByCssSelector(RemoteWebDriver.java:420)\r\n\tat org.openqa.selenium.By$ByCssSelector.findElement(By.java:431)\r\n\tat org.openqa.selenium.remote.RemoteWebDriver.findElement(RemoteWebDriver.java:315)\r\n\tat com.intpfyqa.gui.web.selenium.elements.wait.ExpectedElementConditions.findElement(ExpectedElementConditions.java:229)\r\n\tat com.intpfyqa.gui.web.selenium.elements.wait.ExpectedElementConditions$1.apply(ExpectedElementConditions.java:36)\r\n\tat com.intpfyqa.gui.web.selenium.elements.wait.ExpectedElementConditions$1.apply(ExpectedElementConditions.java:34)\r\n\tat org.openqa.selenium.support.ui.FluentWait.until(FluentWait.java:249)\r\n\t... 39 more\r\n"},"stage":"finished","steps":[{"name":"Assertion: Page Login page opened","status":"passed","stage":"finished","steps":[],"attachments":[{"name":"screenshot","source":"5c3a0e9a-2442-4dab-8928-78204266e641-attachment.png","type":"image/png"}],"parameters":[],"start":1642162227011,"stop":1642162227192},{"name":"Assertion: Page Login page opened","status":"passed","stage":"finished","steps":[],"attachments":[{"name":"screenshot","source":"1a62b013-681d-4a23-80f9-5d65a0f8601c-attachment.png","type":"image/png"}],"parameters":[],"start":1642162227425,"stop":1642162227591},{"name":"Assertion: Page Login page opened","status":"passed","stage":"finished","steps":[],"attachments":[{"name":"screenshot","source":"a1b1c9eb-4ec1-4196-8db4-257b58e17c88-attachment.png","type":"image/png"}],"parameters":[],"start":1642162227834,"stop":1642162227971},{"name":"Assertion: Page Login page opened","status":"passed","stage":"finished","steps":[],"attachments":[{"name":"screenshot","source":"b2365ded-15f9-44e3-84ea-b2496b7c4afc-attachment.png","type":"image/png"}],"parameters":[],"start":1642162228216,"stop":1642162228349},{"name":"Login page: Proceed to 'Username' page with token 'M-rDVbhJlF'.","status":"passed","stage":"finished","steps":[],"attachments":[],"parameters":[],"start":1642162228350,"stop":1642162228350},{"name":"Assertion: Page Username page opened","status":"passed","stage":"finished","steps":[],"attachments":[{"name":"screenshot","source":"883dffba-fab5-4f06-87f6-8e40f04d0a4e-attachment.png","type":"image/png"}],"parameters":[],"start":1642162229346,"stop":1642162229481},{"name":"Username page: Log in as Moderator with Advanced Monitoring with username 'M-9597709349'.","status":"passed","stage":"finished","steps":[],"attachments":[],"parameters":[],"start":1642162229482,"stop":1642162229482},{"name":"Assertion: Page Login page opened","status":"passed","stage":"finished","steps":[],"attachments":[{"name":"screenshot","source":"ef9a3b76-0f83-4ba9-9a8d-7ebac67d64c3-attachment.png","type":"image/png"}],"parameters":[],"start":1642162236417,"stop":1642162236556},{"name":"Assertion: Page Login page opened","status":"passed","stage":"finished","steps":[],"attachments":[{"name":"screenshot","source":"8416cfcd-a8dc-406c-90c9-94788124a01e-attachment.png","type":"image/png"}],"parameters":[],"start":1642162236796,"stop":1642162236987},{"name":"Login page: Proceed to 'Username' page with token 'S-kzXiOisx'.","status":"passed","stage":"finished","steps":[],"attachments":[],"parameters":[],"start":1642162236987,"stop":1642162236987},{"name":"Assertion: Page Username page opened","status":"passed","stage":"finished","steps":[],"attachments":[{"name":"screenshot","source":"7d45cb9e-24cf-4939-9e05-2b4f0326ded9-attachment.png","type":"image/png"}],"parameters":[],"start":1642162239178,"stop":1642162239353},{"name":"Username page: Log in to Lobby as Speaker with username 'S-7403268181'.","status":"passed","stage":"finished","steps":[],"attachments":[],"parameters":[],"start":1642162239353,"stop":1642162239353},{"name":"Assertion: Page Lobby Room page opened","status":"passed","stage":"finished","steps":[],"attachments":[{"name":"screenshot","source":"9837febd-8637-4fc3-89ff-e637db149bf4-attachment.png","type":"image/png"}],"parameters":[],"start":1642162240364,"stop":1642162240523},{"name":"Advanced Moderator page: Switch Flour users to Lobby.","status":"passed","stage":"finished","steps":[],"attachments":[],"parameters":[],"start":1642162240523,"stop":1642162240523},{"name":"ERROR: There is critical error in test\ncom.intpfyqa.gui.web.selenium.exceptions.ElementException: Error ...","status":"failed","stage":"finished","steps":[],"attachments":[{"name":"screenshot","source":"925a30dc-ec7b-417b-b049-f5e209cb2d82-attachment.png","type":"image/png"}],"parameters":[],"start":1642162246113,"stop":1642162246281}],"attachments":[],"parameters":[],"start":1642162223966,"stop":1642162246463,"uuid":"c614e37c-14dc-4e67-9b6a-27d78ca97e1f","historyId":"ae365fdb0973c68e534927a520d9eeea","fullName":"com.intpfy.test.core_regression.web_panel.speaker.speaker_webmeet_classroom_with_chairperson.LobbyFeatureIsAvailableOnModeratorPanelTest.test","labels":[{"name":"package","value":"com.intpfy.test.core_regression.web_panel.speaker.speaker_webmeet_classroom_with_chairperson.LobbyFeatureIsAvailableOnModeratorPanelTest"},{"name":"testClass","value":"com.intpfy.test.core_regression.web_panel.speaker.speaker_webmeet_classroom_with_chairperson.LobbyFeatureIsAvailableOnModeratorPanelTest"},{"name":"testMethod","value":"test"},{"name":"parentSuite","value":"Default Suite"},{"name":"suite","value":"interprefy-qa-automation"},{"name":"subSuite","value":"com.intpfy.test.core_regression.web_panel.speaker.speaker_webmeet_classroom_with_chairperson.LobbyFeatureIsAvailableOnModeratorPanelTest"},{"name":"host","value":"worker1"},{"name":"thread","value":"261480@worker1.main(1)"},{"name":"framework","value":"testng"},{"name":"language","value":"java"}],"links":[]}