{"name":"Lobby feature is available for Moderator.","status":"broken","statusDetails":{"known":false,"muted":false,"flaky":false,"message":"Error working with item Lobby Element (Page Advanced Moderator page (Browser window MAIN_WINDOW_HANDLE)->[By.cssSelector: div.flour-control__users]->[By.xpath: //div[contains(text(),'Lobby')]])\nError while executing action Click with parameters ()\n\tCalled: Parent element (or page) not found","trace":"com.intpfyqa.gui.web.selenium.exceptions.ElementException: Error working with item Lobby Element (Page Advanced Moderator page (Browser window MAIN_WINDOW_HANDLE)->[By.cssSelector: div.flour-control__users]->[By.xpath: //div[contains(text(),'Lobby')]])\nError while executing action Click with parameters ()\n\tCalled: Parent element (or page) not found\r\n\tat com.intpfyqa.gui.web.selenium.elements.Element.click(Element.java:509)\r\n\tat com.intpfyqa.gui.web.selenium.elements.Element.clickAndMoveMouseOut(Element.java:514)\r\n\tat com.intpfy.gui.components.moderator.FlourControlUsersComponent.switchToLobby(FlourControlUsersComponent.java:33)\r\n\tat com.intpfy.gui.pages.event.AdvancedModeratorPage.switchFlourUsersToLobby(AdvancedModeratorPage.java:212)\r\n\tat com.intpfy.test.core_regression.web_panel.speaker.speaker_webmeet_classroom_with_chairperson.LobbyFeatureIsAvailableOnModeratorPanelTest.test(LobbyFeatureIsAvailableOnModeratorPanelTest.java:78)\r\n\tat java.base/jdk.internal.reflect.NativeMethodAccessorImpl.invoke0(Native Method)\r\n\tat java.base/jdk.internal.reflect.NativeMethodAccessorImpl.invoke(NativeMethodAccessorImpl.java:62)\r\n\tat java.base/jdk.internal.reflect.DelegatingMethodAccessorImpl.invoke(DelegatingMethodAccessorImpl.java:43)\r\n\tat java.base/java.lang.reflect.Method.invoke(Method.java:566)\r\n\tat org.testng.internal.MethodInvocationHelper.invokeMethod(MethodInvocationHelper.java:124)\r\n\tat org.testng.internal.Invoker.invokeMethod(Invoker.java:583)\r\n\tat org.testng.internal.Invoker.invokeTestMethod(Invoker.java:719)\r\n\tat org.testng.internal.Invoker.invokeTestMethods(Invoker.java:989)\r\n\tat org.testng.internal.TestMethodWorker.invokeTestMethods(TestMethodWorker.java:125)\r\n\tat org.testng.internal.TestMethodWorker.run(TestMethodWorker.java:109)\r\n\tat org.testng.TestRunner.privateRun(TestRunner.java:648)\r\n\tat org.testng.TestRunner.run(TestRunner.java:505)\r\n\tat org.testng.SuiteRunner.runTest(SuiteRunner.java:455)\r\n\tat org.testng.SuiteRunner.runSequentially(SuiteRunner.java:450)\r\n\tat org.testng.SuiteRunner.privateRun(SuiteRunner.java:415)\r\n\tat org.testng.SuiteRunner.run(SuiteRunner.java:364)\r\n\tat org.testng.SuiteRunnerWorker.runSuite(SuiteRunnerWorker.java:52)\r\n\tat org.testng.SuiteRunnerWorker.run(SuiteRunnerWorker.java:84)\r\n\tat org.testng.TestNG.runSuitesSequentially(TestNG.java:1208)\r\n\tat org.testng.TestNG.runSuitesLocally(TestNG.java:1137)\r\n\tat org.testng.TestNG.runSuites(TestNG.java:1049)\r\n\tat org.testng.TestNG.run(TestNG.java:1017)\r\n\tat com.intellij.rt.testng.IDEARemoteTestNG.run(IDEARemoteTestNG.java:66)\r\n\tat com.intellij.rt.testng.RemoteTestNGStarter.main(RemoteTestNGStarter.java:109)\r\nCaused by: org.openqa.selenium.TimeoutException: Expected condition failed: waiting for presence of element located by: By.xpath: //div[contains(text(),'Lobby')] (tried for 5 second(s) with 500 milliseconds interval)\r\n\tat org.openqa.selenium.support.ui.FluentWait.timeoutException(FluentWait.java:304)\r\n\tat org.openqa.selenium.support.ui.FluentWait.until(FluentWait.java:272)\r\n\tat com.intpfyqa.gui.web.selenium.elements.Element.getNativeElement(Element.java:112)\r\n\tat com.intpfyqa.gui.web.selenium.elements.Element.getNativeElement(Element.java:95)\r\n\tat com.intpfyqa.gui.web.selenium.elements.Element.click(Element.java:506)\r\n\t... 28 more\r\nCaused by: com.intpfyqa.gui.web.selenium.elements.ParentNotFoundException: Parent elements Flour control users (Page Advanced Moderator page (Browser window MAIN_WINDOW_HANDLE)->[By.cssSelector: div.flour-control__users]) not found\r\n\tat com.intpfyqa.gui.web.selenium.elements.wait.ExpectedElementConditions.findElement(ExpectedElementConditions.java:227)\r\n\tat com.intpfyqa.gui.web.selenium.elements.wait.ExpectedElementConditions$1.apply(ExpectedElementConditions.java:36)\r\n\tat com.intpfyqa.gui.web.selenium.elements.wait.ExpectedElementConditions$1.apply(ExpectedElementConditions.java:34)\r\n\tat org.openqa.selenium.support.ui.FluentWait.until(FluentWait.java:249)\r\n\t... 31 more\r\nCaused by: org.openqa.selenium.TimeoutException: Expected condition failed: waiting for presence of element located by: By.cssSelector: div.flour-control__users (tried for 5 second(s) with 500 milliseconds interval)\r\n\tat org.openqa.selenium.support.ui.FluentWait.timeoutException(FluentWait.java:304)\r\n\tat org.openqa.selenium.support.ui.FluentWait.until(FluentWait.java:272)\r\n\tat com.intpfyqa.gui.web.selenium.elements.Element.getNativeElement(Element.java:112)\r\n\tat com.intpfyqa.gui.web.selenium.elements.Element.getNativeElement(Element.java:95)\r\n\tat com.intpfyqa.gui.web.selenium.elements.Element.getSearchContext(Element.java:1311)\r\n\tat com.intpfyqa.gui.web.selenium.BaseComponent.getSearchContext(BaseComponent.java:36)\r\n\tat com.intpfyqa.gui.web.selenium.elements.wait.ExpectedElementConditions.findElement(ExpectedElementConditions.java:225)\r\n\t... 34 more\r\nCaused by: org.openqa.selenium.NoSuchElementException: no such element: Unable to locate element: {\"method\":\"css selector\",\"selector\":\"div.flour-control__users\"}\n  (Session info: chrome=97.0.4692.71)\nFor documentation on this error, please visit: https://www.seleniumhq.org/exceptions/no_such_element.html\nBuild info: version: '3.141.59', revision: 'e82be7d358', time: '2018-11-14T08:17:03'\nSystem info: host: 'WORKER1', ip: '192.168.0.26', os.name: 'Windows 10', os.arch: 'amd64', os.version: '10.0', java.version: '11.0.11'\nDriver info: org.openqa.selenium.chrome.ChromeDriver\nCapabilities {acceptInsecureCerts: false, browserName: chrome, browserVersion: 97.0.4692.71, chrome: {chromedriverVersion: 97.0.4692.36 (747e0a0f19c13..., userDataDir: C:\\Users\\Dejan\\AppData\\Loca...}, goog:chromeOptions: {debuggerAddress: localhost:64436}, javascriptEnabled: true, networkConnectionEnabled: false, pageLoadStrategy: normal, platform: WINDOWS, platformName: WINDOWS, proxy: Proxy(), setWindowRect: true, strictFileInteractability: false, timeouts: {implicit: 0, pageLoad: 300000, script: 30000}, unhandledPromptBehavior: ignore, webauthn:extension:credBlob: true, webauthn:extension:largeBlob: true, webauthn:virtualAuthenticators: true}\nSession ID: 847a59d3b909258bb90ef2ccba0fad46\n*** Element info: {Using=css selector, value=div.flour-control__users}\r\n\tat jdk.internal.reflect.GeneratedConstructorAccessor20.newInstance(Unknown Source)\r\n\tat java.base/jdk.internal.reflect.DelegatingConstructorAccessorImpl.newInstance(DelegatingConstructorAccessorImpl.java:45)\r\n\tat java.base/java.lang.reflect.Constructor.newInstance(Constructor.java:490)\r\n\tat org.openqa.selenium.remote.http.W3CHttpResponseCodec.createException(W3CHttpResponseCodec.java:187)\r\n\tat org.openqa.selenium.remote.http.W3CHttpResponseCodec.decode(W3CHttpResponseCodec.java:122)\r\n\tat org.openqa.selenium.remote.http.W3CHttpResponseCodec.decode(W3CHttpResponseCodec.java:49)\r\n\tat org.openqa.selenium.remote.HttpCommandExecutor.execute(HttpCommandExecutor.java:158)\r\n\tat org.openqa.selenium.remote.service.DriverCommandExecutor.execute(DriverCommandExecutor.java:83)\r\n\tat org.openqa.selenium.remote.RemoteWebDriver.execute(RemoteWebDriver.java:552)\r\n\tat org.openqa.selenium.remote.RemoteWebDriver.findElement(RemoteWebDriver.java:323)\r\n\tat org.openqa.selenium.remote.RemoteWebDriver.findElementByCssSelector(RemoteWebDriver.java:420)\r\n\tat org.openqa.selenium.By$ByCssSelector.findElement(By.java:431)\r\n\tat org.openqa.selenium.remote.RemoteWebDriver.findElement(RemoteWebDriver.java:315)\r\n\tat com.intpfyqa.gui.web.selenium.elements.wait.ExpectedElementConditions.findElement(ExpectedElementConditions.java:229)\r\n\tat com.intpfyqa.gui.web.selenium.elements.wait.ExpectedElementConditions$1.apply(ExpectedElementConditions.java:36)\r\n\tat com.intpfyqa.gui.web.selenium.elements.wait.ExpectedElementConditions$1.apply(ExpectedElementConditions.java:34)\r\n\tat org.openqa.selenium.support.ui.FluentWait.until(FluentWait.java:249)\r\n\t... 39 more\r\n"},"stage":"finished","steps":[{"name":"Assertion: Page Login page opened","status":"passed","stage":"finished","steps":[],"attachments":[{"name":"screenshot","source":"761dba07-bdeb-4fc9-9a7b-0d8ee74defd1-attachment.png","type":"image/png"}],"parameters":[],"start":1642162090732,"stop":1642162090895},{"name":"Assertion: Page Login page opened","status":"passed","stage":"finished","steps":[],"attachments":[{"name":"screenshot","source":"e026ecfd-f650-4457-916c-08b844ec4b6d-attachment.png","type":"image/png"}],"parameters":[],"start":1642162091138,"stop":1642162091300},{"name":"Assertion: Page Login page opened","status":"passed","stage":"finished","steps":[],"attachments":[{"name":"screenshot","source":"25ed8302-7e11-4f4d-8399-6fd816323d9d-attachment.png","type":"image/png"}],"parameters":[],"start":1642162091518,"stop":1642162091657},{"name":"Assertion: Page Login page opened","status":"passed","stage":"finished","steps":[],"attachments":[{"name":"screenshot","source":"216be9b0-c458-428b-8e19-d1654dcad07e-attachment.png","type":"image/png"}],"parameters":[],"start":1642162091900,"stop":1642162092067},{"name":"Login page: Proceed to 'Username' page with token 'M-PARQuvfz'.","status":"passed","stage":"finished","steps":[],"attachments":[],"parameters":[],"start":1642162092067,"stop":1642162092067},{"name":"Assertion: Page Username page opened","status":"passed","stage":"finished","steps":[],"attachments":[{"name":"screenshot","source":"fee27fd7-6c97-4f0f-beae-b701bdf00e5e-attachment.png","type":"image/png"}],"parameters":[],"start":1642162093110,"stop":1642162093266},{"name":"Username page: Log in as Moderator with Advanced Monitoring with username 'M-7086619108'.","status":"passed","stage":"finished","steps":[],"attachments":[],"parameters":[],"start":1642162093266,"stop":1642162093266},{"name":"Assertion: Page Login page opened","status":"passed","stage":"finished","steps":[],"attachments":[{"name":"screenshot","source":"cf6ef994-812b-432c-9ae1-95a59edf7432-attachment.png","type":"image/png"}],"parameters":[],"start":1642162098948,"stop":1642162099094},{"name":"Assertion: Page Login page opened","status":"passed","stage":"finished","steps":[],"attachments":[{"name":"screenshot","source":"5170d540-4de0-4e6d-94e0-d697deaa1b6c-attachment.png","type":"image/png"}],"parameters":[],"start":1642162099351,"stop":1642162099534},{"name":"Login page: Proceed to 'Username' page with token 'S-yEBSSHZY'.","status":"passed","stage":"finished","steps":[],"attachments":[],"parameters":[],"start":1642162099534,"stop":1642162099534},{"name":"Assertion: Page Username page opened","status":"passed","stage":"finished","steps":[],"attachments":[{"name":"screenshot","source":"8e3dfd37-b657-4147-aae1-686bc0c39eb1-attachment.png","type":"image/png"}],"parameters":[],"start":1642162100601,"stop":1642162100754},{"name":"Username page: Log in to Lobby as Speaker with username 'S-7961169518'.","status":"passed","stage":"finished","steps":[],"attachments":[],"parameters":[],"start":1642162100754,"stop":1642162100754},{"name":"Assertion: Page Lobby Room page opened","status":"passed","stage":"finished","steps":[],"attachments":[{"name":"screenshot","source":"fd4f918a-d122-4f6e-9a13-6d9af5606f61-attachment.png","type":"image/png"}],"parameters":[],"start":1642162103353,"stop":1642162103482},{"name":"Advanced Moderator page: Switch Flour users to Lobby.","status":"passed","stage":"finished","steps":[],"attachments":[],"parameters":[],"start":1642162103483,"stop":1642162103483},{"name":"ERROR: There is critical error in test\ncom.intpfyqa.gui.web.selenium.exceptions.ElementException: Error ...","status":"failed","stage":"finished","steps":[],"attachments":[{"name":"screenshot","source":"cc1d2a6d-c807-4c75-b8f8-35d086b2d269-attachment.png","type":"image/png"}],"parameters":[],"start":1642162109101,"stop":1642162109306}],"attachments":[],"parameters":[],"start":1642162088177,"stop":1642162109558,"uuid":"db75579c-86ba-42b0-b9f1-69d3fef68bf8","historyId":"ae365fdb0973c68e534927a520d9eeea","fullName":"com.intpfy.test.core_regression.web_panel.speaker.speaker_webmeet_classroom_with_chairperson.LobbyFeatureIsAvailableOnModeratorPanelTest.test","labels":[{"name":"package","value":"com.intpfy.test.core_regression.web_panel.speaker.speaker_webmeet_classroom_with_chairperson.LobbyFeatureIsAvailableOnModeratorPanelTest"},{"name":"testClass","value":"com.intpfy.test.core_regression.web_panel.speaker.speaker_webmeet_classroom_with_chairperson.LobbyFeatureIsAvailableOnModeratorPanelTest"},{"name":"testMethod","value":"test"},{"name":"parentSuite","value":"Default Suite"},{"name":"suite","value":"interprefy-qa-automation"},{"name":"subSuite","value":"com.intpfy.test.core_regression.web_panel.speaker.speaker_webmeet_classroom_with_chairperson.LobbyFeatureIsAvailableOnModeratorPanelTest"},{"name":"host","value":"worker1"},{"name":"thread","value":"264744@worker1.main(1)"},{"name":"framework","value":"testng"},{"name":"language","value":"java"}],"links":[]}