{"name":"Count(1) is displayed on the lobby tab header, the speaker is displayed in the lobby list with 'Accept' and 'Reject' buttons.","status":"broken","statusDetails":{"known":false,"muted":false,"flaky":false,"message":"Error working with item Users counter Element (Page Speaker page (Browser window MAIN_WINDOW_HANDLE)->[By.cssSelector: div.user-list]->[By.cssSelector: div.lobby-tab]->[By.className: div.user-counter])\nError while executing action Get text with parameters ()\n\tCalled: Element is not found on the page","trace":"com.intpfyqa.gui.web.selenium.exceptions.ElementException: Error working with item Users counter Element (Page Speaker page (Browser window MAIN_WINDOW_HANDLE)->[By.cssSelector: div.user-list]->[By.cssSelector: div.lobby-tab]->[By.className: div.user-counter])\nError while executing action Get text with parameters ()\n\tCalled: Element is not found on the page\r\n\tat com.intpfyqa.gui.web.selenium.elements.Element.getText(Element.java:308)\r\n\tat com.intpfyqa.gui.web.selenium.elements.Element.waitForTextEquals(Element.java:828)\r\n\tat com.intpfy.gui.components.speaker.LobbyTabComponent.isLobbyUsersCounterEqual(LobbyTabComponent.java:29)\r\n\tat com.intpfy.gui.components.speaker.ParticipantsComponent.isLobbyUsersNumberMatchesToExpected(ParticipantsComponent.java:83)\r\n\tat com.intpfy.gui.pages.event.SpeakerPage.isLobbyUsersNumberMatchingTo(SpeakerPage.java:864)\r\n\tat com.intpfy.verifiers.event.speaker.SpeakerVerifier.assertLobbyUsersNumberMatchesTo(SpeakerVerifier.java:503)\r\n\tat com.intpfy.test.core_regression.web_panel.speaker.speaker_webmeet_classroom_with_chairperson.HostCanSeeParticipantInLobbyListTest.test(HostCanSeeParticipantInLobbyListTest.java:94)\r\n\tat java.base/jdk.internal.reflect.NativeMethodAccessorImpl.invoke0(Native Method)\r\n\tat java.base/jdk.internal.reflect.NativeMethodAccessorImpl.invoke(NativeMethodAccessorImpl.java:62)\r\n\tat java.base/jdk.internal.reflect.DelegatingMethodAccessorImpl.invoke(DelegatingMethodAccessorImpl.java:43)\r\n\tat java.base/java.lang.reflect.Method.invoke(Method.java:566)\r\n\tat org.testng.internal.MethodInvocationHelper.invokeMethod(MethodInvocationHelper.java:124)\r\n\tat org.testng.internal.Invoker.invokeMethod(Invoker.java:583)\r\n\tat org.testng.internal.Invoker.invokeTestMethod(Invoker.java:719)\r\n\tat org.testng.internal.Invoker.invokeTestMethods(Invoker.java:989)\r\n\tat org.testng.internal.TestMethodWorker.invokeTestMethods(TestMethodWorker.java:125)\r\n\tat org.testng.internal.TestMethodWorker.run(TestMethodWorker.java:109)\r\n\tat org.testng.TestRunner.privateRun(TestRunner.java:648)\r\n\tat org.testng.TestRunner.run(TestRunner.java:505)\r\n\tat org.testng.SuiteRunner.runTest(SuiteRunner.java:455)\r\n\tat org.testng.SuiteRunner.runSequentially(SuiteRunner.java:450)\r\n\tat org.testng.SuiteRunner.privateRun(SuiteRunner.java:415)\r\n\tat org.testng.SuiteRunner.run(SuiteRunner.java:364)\r\n\tat org.testng.SuiteRunnerWorker.runSuite(SuiteRunnerWorker.java:52)\r\n\tat org.testng.SuiteRunnerWorker.run(SuiteRunnerWorker.java:84)\r\n\tat org.testng.TestNG.runSuitesSequentially(TestNG.java:1208)\r\n\tat org.testng.TestNG.runSuitesLocally(TestNG.java:1137)\r\n\tat org.testng.TestNG.runSuites(TestNG.java:1049)\r\n\tat org.testng.TestNG.run(TestNG.java:1017)\r\n\tat com.intellij.rt.testng.IDEARemoteTestNG.run(IDEARemoteTestNG.java:66)\r\n\tat com.intellij.rt.testng.RemoteTestNGStarter.main(RemoteTestNGStarter.java:109)\r\nCaused by: org.openqa.selenium.TimeoutException: Expected condition failed: waiting for presence of element located by: By.className: div.user-counter (tried for 5 second(s) with 500 milliseconds interval)\r\n\tat org.openqa.selenium.support.ui.FluentWait.timeoutException(FluentWait.java:304)\r\n\tat org.openqa.selenium.support.ui.FluentWait.until(FluentWait.java:272)\r\n\tat com.intpfyqa.gui.web.selenium.elements.Element.getNativeElement(Element.java:112)\r\n\tat com.intpfyqa.gui.web.selenium.elements.Element.getNativeElement(Element.java:95)\r\n\tat com.intpfyqa.gui.web.selenium.elements.Element.getText(Element.java:304)\r\n\t... 30 more\r\nCaused by: org.openqa.selenium.NoSuchElementException: no such element: Unable to locate element: {\"method\":\"css selector\",\"selector\":\".div\\.user\\-counter\"}\n  (Session info: chrome=96.0.4664.45)\nFor documentation on this error, please visit: https://www.seleniumhq.org/exceptions/no_such_element.html\nBuild info: version: '3.141.59', revision: 'e82be7d358', time: '2018-11-14T08:17:03'\nSystem info: host: 'WORKER1', ip: '192.168.44.1', os.name: 'Windows 10', os.arch: 'amd64', os.version: '10.0', java.version: '11.0.11'\nDriver info: org.openqa.selenium.chrome.ChromeDriver\nCapabilities {acceptInsecureCerts: false, browserName: chrome, browserVersion: 96.0.4664.45, chrome: {chromedriverVersion: 95.0.4638.17 (a9d0719444d4b..., userDataDir: C:\\Users\\Dejan\\AppData\\Loca...}, goog:chromeOptions: {debuggerAddress: localhost:52187}, javascriptEnabled: true, networkConnectionEnabled: false, pageLoadStrategy: normal, platform: WINDOWS, platformName: WINDOWS, proxy: Proxy(), setWindowRect: true, strictFileInteractability: false, timeouts: {implicit: 0, pageLoad: 300000, script: 30000}, unhandledPromptBehavior: ignore, webauthn:extension:credBlob: true, webauthn:extension:largeBlob: true, webauthn:virtualAuthenticators: true}\nSession ID: 9fda41ef0287c47d111fcc72234b21f6\n*** Element info: {Using=class name, value=div.user-counter}\r\n\tat jdk.internal.reflect.GeneratedConstructorAccessor20.newInstance(Unknown Source)\r\n\tat java.base/jdk.internal.reflect.DelegatingConstructorAccessorImpl.newInstance(DelegatingConstructorAccessorImpl.java:45)\r\n\tat java.base/java.lang.reflect.Constructor.newInstance(Constructor.java:490)\r\n\tat org.openqa.selenium.remote.http.W3CHttpResponseCodec.createException(W3CHttpResponseCodec.java:187)\r\n\tat org.openqa.selenium.remote.http.W3CHttpResponseCodec.decode(W3CHttpResponseCodec.java:122)\r\n\tat org.openqa.selenium.remote.http.W3CHttpResponseCodec.decode(W3CHttpResponseCodec.java:49)\r\n\tat org.openqa.selenium.remote.HttpCommandExecutor.execute(HttpCommandExecutor.java:158)\r\n\tat org.openqa.selenium.remote.service.DriverCommandExecutor.execute(DriverCommandExecutor.java:83)\r\n\tat org.openqa.selenium.remote.RemoteWebDriver.execute(RemoteWebDriver.java:552)\r\n\tat org.openqa.selenium.remote.RemoteWebElement.execute(RemoteWebElement.java:285)\r\n\tat org.openqa.selenium.remote.RemoteWebElement.findElement(RemoteWebElement.java:185)\r\n\tat org.openqa.selenium.remote.RemoteWebElement.findElementByClassName(RemoteWebElement.java:245)\r\n\tat org.openqa.selenium.By$ByClassName.findElement(By.java:389)\r\n\tat org.openqa.selenium.remote.RemoteWebElement.findElement(RemoteWebElement.java:181)\r\n\tat com.intpfyqa.gui.web.selenium.elements.wait.ExpectedElementConditions.findElement(ExpectedElementConditions.java:229)\r\n\tat com.intpfyqa.gui.web.selenium.elements.wait.ExpectedElementConditions$1.apply(ExpectedElementConditions.java:36)\r\n\tat com.intpfyqa.gui.web.selenium.elements.wait.ExpectedElementConditions$1.apply(ExpectedElementConditions.java:34)\r\n\tat org.openqa.selenium.support.ui.FluentWait.until(FluentWait.java:249)\r\n\t... 33 more\r\n"},"stage":"finished","steps":[{"name":"Assertion: Page Login page opened","status":"passed","stage":"finished","steps":[],"attachments":[{"name":"screenshot","source":"39d2f990-33f3-4db7-a33a-087307bea950-attachment.png","type":"image/png"}],"parameters":[],"start":1638193316559,"stop":1638193316701},{"name":"Assertion: Page Login page opened","status":"passed","stage":"finished","steps":[],"attachments":[{"name":"screenshot","source":"85ce449f-3d47-4cc0-8f57-f83a73c78949-attachment.png","type":"image/png"}],"parameters":[],"start":1638193316892,"stop":1638193317051},{"name":"Assertion: Page Login page opened","status":"passed","stage":"finished","steps":[],"attachments":[{"name":"screenshot","source":"38c131de-57d8-489d-bbf1-c171b9531b3b-attachment.png","type":"image/png"}],"parameters":[],"start":1638193317266,"stop":1638193317398},{"name":"Login page: Proceed to 'Username' page with token 'S-dSuMPDFv'.","status":"passed","stage":"finished","steps":[],"attachments":[],"parameters":[],"start":1638193317398,"stop":1638193317398},{"name":"Assertion: Page Username page opened","status":"passed","stage":"finished","steps":[],"attachments":[{"name":"screenshot","source":"856bc071-33e2-4426-a661-c302ca6b0dac-attachment.png","type":"image/png"}],"parameters":[],"start":1638193318409,"stop":1638193318547},{"name":"Username page: Log in as Host with username 'H-2168613095' and password 'ZyUDEh'.","status":"passed","stage":"finished","steps":[],"attachments":[],"parameters":[],"start":1638193318547,"stop":1638193318547},{"name":"Assertion: Component Call settings dialog window opened","status":"passed","stage":"finished","steps":[],"attachments":[{"name":"screenshot","source":"6b9047e2-2699-4ee8-b7b0-f9cd3b37de28-attachment.png","type":"image/png"}],"parameters":[],"start":1638193321157,"stop":1638193321367},{"name":"Call settings dialog window: Select 'Meeting control only'.","status":"passed","stage":"finished","steps":[],"attachments":[],"parameters":[],"start":1638193321367,"stop":1638193321367},{"name":"Assertion: Component Call settings dialog window not visible","status":"passed","stage":"finished","steps":[],"attachments":[{"name":"screenshot","source":"4b13bb31-3a4c-4278-86f7-de10d002f627-attachment.png","type":"image/png"}],"parameters":[],"start":1638193321744,"stop":1638193321934},{"name":"Assertion: Page Speaker page opened","status":"passed","stage":"finished","steps":[],"attachments":[{"name":"screenshot","source":"7ba96a93-1c8b-4946-bcac-e3b1e427104e-attachment.png","type":"image/png"}],"parameters":[],"start":1638193323310,"stop":1638193323484},{"name":"Assertion: Page Speaker page opened","status":"passed","stage":"finished","steps":[],"attachments":[{"name":"screenshot","source":"1b74e245-ffa4-4122-9039-f6808a639441-attachment.png","type":"image/png"}],"parameters":[],"start":1638193329064,"stop":1638193329205},{"name":"Assertion: Page Login page opened","status":"passed","stage":"finished","steps":[],"attachments":[{"name":"screenshot","source":"d97515f4-856e-409d-8842-cb99f62bc62b-attachment.png","type":"image/png"}],"parameters":[],"start":1638193333441,"stop":1638193333637},{"name":"Login page: Proceed to 'Username' page with token 'S-dSuMPDFv'.","status":"passed","stage":"finished","steps":[],"attachments":[],"parameters":[],"start":1638193333638,"stop":1638193333638},{"name":"Assertion: Page Username page opened","status":"passed","stage":"finished","steps":[],"attachments":[{"name":"screenshot","source":"5b4e6b7c-016c-4f5e-952e-53f129b8ff00-attachment.png","type":"image/png"}],"parameters":[],"start":1638193334789,"stop":1638193334944},{"name":"Username page: Log in to Lobby as Speaker with username 'S-9495946906'.","status":"passed","stage":"finished","steps":[],"attachments":[],"parameters":[],"start":1638193334944,"stop":1638193334944},{"name":"Assertion: Page Lobby Room page opened","status":"passed","stage":"finished","steps":[],"attachments":[{"name":"screenshot","source":"e2e5be87-cf4c-4341-a3c6-807d3d3ee07b-attachment.png","type":"image/png"}],"parameters":[],"start":1638193336055,"stop":1638193336222},{"name":"Speaker page: Switch Participants List to 'Lobby'.","status":"passed","stage":"finished","steps":[],"attachments":[],"parameters":[],"start":1638193336222,"stop":1638193336222},{"name":"Assertion: Participants list is of 'Lobby' type.","status":"passed","stage":"finished","steps":[],"attachments":[{"name":"screenshot","source":"567006df-2964-4d5a-85f7-60bff01bebf5-attachment.png","type":"image/png"}],"parameters":[],"start":1638193337105,"stop":1638193337320},{"name":"ERROR: There is critical error in test\ncom.intpfyqa.gui.web.selenium.exceptions.ElementException: Error ...","status":"failed","stage":"finished","steps":[],"attachments":[{"name":"screenshot","source":"7f6d5a60-1e88-47bb-8270-3dfaeb8f99eb-attachment.png","type":"image/png"}],"parameters":[],"start":1638193385931,"stop":1638193387440}],"attachments":[],"parameters":[],"start":1638193314430,"stop":1638193388808,"uuid":"f1ac8a18-c52c-4286-b285-89227a0d5aa1","historyId":"15d27a331617d2f270a574fdc8413c69","fullName":"com.intpfy.test.core_regression.web_panel.speaker.speaker_webmeet_classroom_with_chairperson.HostCanSeeParticipantInLobbyListTest.test","labels":[{"name":"package","value":"com.intpfy.test.core_regression.web_panel.speaker.speaker_webmeet_classroom_with_chairperson.HostCanSeeParticipantInLobbyListTest"},{"name":"testClass","value":"com.intpfy.test.core_regression.web_panel.speaker.speaker_webmeet_classroom_with_chairperson.HostCanSeeParticipantInLobbyListTest"},{"name":"testMethod","value":"test"},{"name":"parentSuite","value":"Default Suite"},{"name":"suite","value":"interprefy-qa-automation"},{"name":"subSuite","value":"com.intpfy.test.core_regression.web_panel.speaker.speaker_webmeet_classroom_with_chairperson.HostCanSeeParticipantInLobbyListTest"},{"name":"host","value":"worker1"},{"name":"thread","value":"13988@worker1.main(1)"},{"name":"framework","value":"testng"},{"name":"language","value":"java"}],"links":[]}